<?xml version="1.0" encoding="utf-8"?><testsuites name="pytest tests"><testsuite name="pytest" errors="0" failures="0" skipped="0" tests="12" time="18.422" timestamp="2026-08-26T05:54:12.857297+00:00" hostname="agent-env-f7b219fe-9b51-4df3-8074-75c2e3bb7fb9"><testcase classname="tests.test_ai_intent.TestAutoAnalysis" name="test_all_ai_fields_populated" time="8.396" /><testcase classname="tests.test_ai_intent.TestAutoAnalysis" name="test_interaction_gets_detected_intent" time="0.103" /><testcase classname="tests.test_ai_intent.TestAutoAnalysis" name="test_analysis_persisted_and_readable_by_staff" time="0.099" /><testcase classname="tests.test_ai_intent.TestCheckpoint3" name="test_msg1_permission_or_information" time="0.000" /><testcase classname="tests.test_ai_intent.TestCheckpoint3" name="test_msg2_wants_action_taken" time="0.000" /><testcase classname="tests.test_ai_intent.TestCheckpoint3" name="test_msg3_escalation_requires_human" time="0.000" /><testcase classname="tests.test_ai_intent.TestCheckpoint3" name="test_three_intents_are_distinct" time="0.000" /><testcase classname="tests.test_ai_intent.TestReplyReanalysis" name="test_reply_triggers_reanalysis" time="5.713" /><testcase classname="tests.test_ai_intent.TestSeededBackfill" name="test_seeded_issues_have_ai_fields" time="0.058" /><testcase classname="tests.test_ai_intent.TestSeededBackfill" name="test_seeded_detail_returns_ai_fields" time="0.116" /><testcase classname="tests.test_ai_intent.TestSeededBackfill" name="test_detail_requires_auth" time="0.124" /><testcase classname="tests.test_ai_intent.TestPrioritySpread" name="test_emergency_message_gets_p0_or_p1" time="3.678" /></testsuite></testsuites>