<?xml version="1.0" encoding="utf-8"?><testsuites name="pytest tests"><testsuite name="pytest" errors="0" failures="0" skipped="0" tests="24" time="6.537" timestamp="2026-08-26T05:40:41.604838+00:00" hostname="agent-env-f7b219fe-9b51-4df3-8074-75c2e3bb7fb9"><testcase classname="tests.test_documents.TestListDocuments" name="test_requires_auth" time="0.305" /><testcase classname="tests.test_documents.TestUploadDocument" name="test_requires_auth" time="0.263" /><testcase classname="tests.test_documents.TestUploadDocument" name="test_upload_txt_ready_with_chunks" time="0.383" /><testcase classname="tests.test_documents.TestListDocuments" name="test_invalid_token" time="0.064" /><testcase classname="tests.test_documents.TestListDocuments" name="test_cookie_auth_works" time="0.223" /><testcase classname="tests.test_documents.TestListDocuments" name="test_seeded_demo_docs" time="0.129" /><testcase classname="tests.test_documents.TestUploadDocument" name="test_upload_pdf" time="0.639" /><testcase classname="tests.test_documents.TestReplaceDocument" name="test_replace_resets_and_reprocesses" time="3.997" /><testcase classname="tests.test_documents.TestUploadDocument" name="test_rejects_bad_extension[TEST_bad.exe-application/octet-stream]" time="0.045" /><testcase classname="tests.test_documents.TestUploadDocument" name="test_rejects_bad_extension[TEST_bad.png-image/png]" time="0.045" /><testcase classname="tests.test_documents.TestUploadDocument" name="test_rejects_bad_extension[TEST_noext-application/octet-stream]" time="0.045" /><testcase classname="tests.test_documents.TestUploadDocument" name="test_rejects_invalid_doc_type" time="0.047" /><testcase classname="tests.test_documents.TestUploadDocument" name="test_missing_fields_422" time="0.058" /><testcase classname="tests.test_documents.TestDownload" name="test_download_txt" time="2.564" /><testcase classname="tests.test_documents.TestDownload" name="test_download_seeded_pdf" time="0.369" /><testcase classname="tests.test_documents.TestDownload" name="test_download_requires_auth" time="0.256" /><testcase classname="tests.test_documents.TestDownload" name="test_download_404" time="0.045" /><testcase classname="tests.test_documents.TestReplaceDocument" name="test_replace_404" time="0.051" /><testcase classname="tests.test_documents.TestDeleteDocument" name="test_soft_delete_removes_chunks" time="0.577" /><testcase classname="tests.test_documents.TestReplaceDocument" name="test_replace_bad_ext" time="0.241" /><testcase classname="tests.test_documents.TestReplaceDocument" name="test_replace_requires_auth" time="0.121" /><testcase classname="tests.test_documents.TestConfigDocumentTypes" name="test_config_document_types" time="0.191" /><testcase classname="tests.test_documents.TestDeleteDocument" name="test_delete_404" time="0.047" /><testcase classname="tests.test_documents.TestDeleteDocument" name="test_delete_requires_auth" time="0.051" /></testsuite></testsuites>