<?xml version="1.0" encoding="utf-8"?><testsuites name="pytest tests"><testsuite name="pytest" errors="0" failures="0" skipped="0" tests="18" time="78.555" timestamp="2026-08-26T06:41:52.476879+00:00" hostname="agent-env-f7b219fe-9b51-4df3-8074-75c2e3bb7fb9"><testcase classname="tests.test_fixes_iter6.TestIncidentBaseline" name="test_00_detect_no_false_positive_on_seed" time="0.279" /><testcase classname="tests.test_fixes_iter6.TestIncidentPrecision" name="test_01_same_keyword_three_residents_forms_incident" time="27.334" /><testcase classname="tests.test_fixes_iter6.TestIncidentPrecision" name="test_02_same_category_different_subjects_do_not_cluster" time="8.910" /><testcase classname="tests.test_fixes_iter6.TestReopenReviewBrief" name="test_03_create" time="2.748" /><testcase classname="tests.test_fixes_iter6.TestReopenReviewBrief" name="test_04_staff_resolve_then_confirm_yes" time="0.164" /><testcase classname="tests.test_fixes_iter6.TestReopenReviewBrief" name="test_05_resubmit_reopens_same_issue_with_brief" time="8.175" /><testcase classname="tests.test_fixes_iter6.TestReopenReviewBrief" name="test_06_contact_counts_consistent" time="0.000" /><testcase classname="tests.test_fixes_iter6.TestReopenReviewBrief" name="test_07_category_sticky_on_reopen" time="0.000" /><testcase classname="tests.test_fixes_iter6.TestReopenReviewBrief" name="test_08_attention_score_high" time="0.000" /><testcase classname="tests.test_fixes_iter6.TestReopenReviewBrief" name="test_09_intervention_worked_derived" time="0.000" /><testcase classname="tests.test_fixes_iter6.TestReopenReviewBrief" name="test_10_no_duplicate_request_for_resident" time="0.105" /><testcase classname="tests.test_fixes_iter6.TestConfirmNoBrief" name="test_11_create_and_resolve" time="3.082" /><testcase classname="tests.test_fixes_iter6.TestConfirmNoBrief" name="test_12_confirm_false_gives_brief" time="5.744" /><testcase classname="tests.test_fixes_iter6.TestConfirmNoBrief" name="test_13_confirm_false_counts_consistent" time="0.000" /><testcase classname="tests.test_fixes_iter6.TestConfirmNoBrief" name="test_14_confirm_false_intervention_not_worked" time="0.000" /><testcase classname="tests.test_fixes_iter6.TestReplyStickyCategory" name="test_15_create_maintenance_issue" time="2.784" /><testcase classname="tests.test_fixes_iter6.TestReplyStickyCategory" name="test_16_offtopic_followup_keeps_category_and_priority" time="6.479" /><testcase classname="tests.test_fixes_iter6.TestPolicyConflictScore" name="test_17_conflict_scores_at_least_floor" time="12.664" /></testsuite></testsuites>