<?xml version="1.0" encoding="utf-8"?><testsuites name="pytest tests"><testsuite name="pytest" errors="0" failures="6" skipped="0" tests="27" time="24.235" timestamp="2026-08-26T15:03:33.551936+00:00" hostname="agent-env-f7b219fe-9b51-4df3-8074-75c2e3bb7fb9"><testcase classname="tests.test_iter9_leads_demo.TestLeadCreate" name="test_create_lead_valid_and_persisted" time="4.313" /><testcase classname="tests.test_iter9_leads_demo.TestLeadCreate" name="test_missing_required_returns_400[name]" time="4.815" /><testcase classname="tests.test_iter9_leads_demo.TestLeadCreate" name="test_missing_required_returns_400[work_email]" time="0.180" /><testcase classname="tests.test_iter9_leads_demo.TestLeadCreate" name="test_missing_required_returns_400[company]" time="0.161" /><testcase classname="tests.test_iter9_leads_demo.TestLeadCreate" name="test_invalid_email_returns_400[notanemail]" time="3.611" /><testcase classname="tests.test_iter9_leads_demo.TestLeadCreate" name="test_invalid_email_returns_400[foo@bar]" time="0.228" /><testcase classname="tests.test_iter9_leads_demo.TestLeadCreate" name="test_invalid_email_returns_400[@example.com]" time="0.349"><failure message="AssertionError: @example.com: 200 {&quot;ok&quot;:true,&quot;id&quot;:&quot;94bf8fbe-9664-4f89-a7aa-7748feafed9a&quot;}&#10;assert 200 == 400&#10; +  where 200 = &lt;Response [200]&gt;.status_code">tests/test_iter9_leads_demo.py:126: in test_invalid_email_returns_400
    assert r.status_code == 400, f"{email}: {r.status_code} {r.text[:200]}"
E   AssertionError: @example.com: 200 {"ok":true,"id":"94bf8fbe-9664-4f89-a7aa-7748feafed9a"}
E   assert 200 == 400
E    +  where 200 = &lt;Response [200]&gt;.status_code</failure></testcase><testcase classname="tests.test_iter9_leads_demo.TestLeadCreate" name="test_missing_field_entirely_returns_422" time="0.161" /><testcase classname="tests.test_iter9_leads_demo.TestLeadCreate" name="test_rate_limit_6th_submission_429" time="6.735"><failure message="AssertionError: 6th submission returned 200&#10;assert 200 == 429&#10; +  where 200 = &lt;Response [200]&gt;.status_code">tests/test_iter9_leads_demo.py:143: in test_rate_limit_6th_submission_429
    assert r.status_code == 429, f"6th submission returned {r.status_code}"
E   AssertionError: 6th submission returned 200
E   assert 200 == 429
E    +  where 200 = &lt;Response [200]&gt;.status_code</failure></testcase><testcase classname="tests.test_iter9_leads_demo.TestLeadAdmin" name="test_list_unauthenticated_401" time="0.228" /><testcase classname="tests.test_iter9_leads_demo.TestLeadAdmin" name="test_list_as_staff" time="0.077" /><testcase classname="tests.test_iter9_leads_demo.TestLeadAdmin" name="test_patch_status_valid[Contacted]" time="0.194" /><testcase classname="tests.test_iter9_leads_demo.TestLeadAdmin" name="test_patch_status_valid[Qualified]" time="0.150" /><testcase classname="tests.test_iter9_leads_demo.TestLeadAdmin" name="test_patch_status_valid[Closed]" time="0.196" /><testcase classname="tests.test_iter9_leads_demo.TestLeadAdmin" name="test_patch_status_valid[New]" time="0.185" /><testcase classname="tests.test_iter9_leads_demo.TestLeadAdmin" name="test_patch_invalid_status_400" time="0.103" /><testcase classname="tests.test_iter9_leads_demo.TestLeadAdmin" name="test_patch_unknown_id_404" time="0.096" /><testcase classname="tests.test_iter9_leads_demo.TestLeadAdmin" name="test_patch_unauthenticated_401" time="0.161" /><testcase classname="tests.test_iter9_leads_demo.TestDemoAuth" name="test_demo_login_shape_and_cookie" time="0.135" /><testcase classname="tests.test_iter9_leads_demo.TestDemoAuth" name="test_demo_me" time="0.295" /><testcase classname="tests.test_iter9_leads_demo.TestDemoAuth" name="test_demo_reads_allowed" time="0.353" /><testcase classname="tests.test_iter9_leads_demo.TestDemoAuth" name="test_demo_blocked_from_leads" time="0.208" /><testcase classname="tests.test_iter9_leads_demo.TestDemoAuth" name="test_demo_blocked_from_issue_mutations" time="0.404" /><testcase classname="tests.test_iter9_leads_demo.TestTriageRegression" name="test_resolve_lane_faq" time="0.212"><failure message="AssertionError: {&quot;detail&quot;:[{&quot;type&quot;:&quot;missing&quot;,&quot;loc&quot;:[&quot;body&quot;,&quot;name&quot;],&quot;msg&quot;:&quot;Field required&quot;,&quot;input&quot;:{&quot;resident_name&quot;:&quot;TEST_QA9 Resident&quot;,&quot;unit&quot;:&quot;TEST-909&quot;,&quot;message&quot;:&quot;What time does the pool close?&quot;},&quot;url&quot;:&quot;https://errors.pydantic.dev/2.13/v/missing&quot;}]}&#10;assert 422 == 200&#10; +  where 422 = &lt;Response [422]&gt;.status_code">tests/test_iter9_leads_demo.py:237: in test_resolve_lane_faq
    assert r.status_code == 200, r.text
E   AssertionError: {"detail":[{"type":"missing","loc":["body","name"],"msg":"Field required","input":{"resident_name":"TEST_QA9 Resident","unit":"TEST-909","message":"What time does the pool close?"},"url":"https://errors.pydantic.dev/2.13/v/missing"}]}
E   assert 422 == 200
E    +  where 422 = &lt;Response [422]&gt;.status_code</failure></testcase><testcase classname="tests.test_iter9_leads_demo.TestTriageRegression" name="test_action_lane" time="0.141"><failure message="AssertionError: {&quot;detail&quot;:[{&quot;type&quot;:&quot;missing&quot;,&quot;loc&quot;:[&quot;body&quot;,&quot;name&quot;],&quot;msg&quot;:&quot;Field required&quot;,&quot;input&quot;:{&quot;resident_name&quot;:&quot;TEST_QA9 Resident2&quot;,&quot;unit&quot;:&quot;TEST-910&quot;,&quot;message&quot;:&quot;My dishwasher isn't working.&quot;},&quot;url&quot;:&quot;https://errors.pydantic.dev/2.13/v/missing&quot;}]}&#10;assert 422 == 200&#10; +  where 422 = &lt;Response [422]&gt;.status_code">tests/test_iter9_leads_demo.py:248: in test_action_lane
    assert r.status_code == 200, r.text
E   AssertionError: {"detail":[{"type":"missing","loc":["body","name"],"msg":"Field required","input":{"resident_name":"TEST_QA9 Resident2","unit":"TEST-910","message":"My dishwasher isn't working."},"url":"https://errors.pydantic.dev/2.13/v/missing"}]}
E   assert 422 == 200
E    +  where 422 = &lt;Response [422]&gt;.status_code</failure></testcase><testcase classname="tests.test_iter9_leads_demo.TestTriageRegression" name="test_resolution_memory_603_reopen_no_duplicate" time="0.287"><failure message="AssertionError: {&quot;detail&quot;:[{&quot;type&quot;:&quot;missing&quot;,&quot;loc&quot;:[&quot;body&quot;,&quot;name&quot;],&quot;msg&quot;:&quot;Field required&quot;,&quot;input&quot;:{&quot;resident_name&quot;:&quot;Nathan Brooks&quot;,&quot;unit&quot;:&quot;603&quot;,&quot;message&quot;:&quot;The sink you fixed is leaking again.&quot;},&quot;url&quot;:&quot;https://errors.pydantic.dev/2.13/v/missing&quot;}]}&#10;assert 422 == 200&#10; +  where 422 = &lt;Response [422]&gt;.status_code">tests/test_iter9_leads_demo.py:261: in test_resolution_memory_603_reopen_no_duplicate
    assert r.status_code == 200, r.text
E   AssertionError: {"detail":[{"type":"missing","loc":["body","name"],"msg":"Field required","input":{"resident_name":"Nathan Brooks","unit":"603","message":"The sink you fixed is leaking again."},"url":"https://errors.pydantic.dev/2.13/v/missing"}]}
E   assert 422 == 200
E    +  where 422 = &lt;Response [422]&gt;.status_code</failure></testcase><testcase classname="tests.test_iter9_leads_demo.TestTriageRegression" name="test_cleanup_created_issues" time="0.107"><failure message="AssertionError: expected to clean 2 test issues, cleaned 0&#10;assert 0 &gt;= 2">tests/test_iter9_leads_demo.py:282: in test_cleanup_created_issues
    assert n &gt;= 2, f"expected to clean 2 test issues, cleaned {n}"
E   AssertionError: expected to clean 2 test issues, cleaned 0
E   assert 0 &gt;= 2</failure></testcase></testsuite></testsuites>