<?xml version="1.0" encoding="utf-8"?><testsuites name="pytest tests"><testsuite name="pytest" errors="0" failures="0" skipped="0" tests="15" time="49.801" timestamp="2026-08-26T14:25:39.337500+00:00" hostname="agent-env-f7b219fe-9b51-4df3-8074-75c2e3bb7fb9"><testcase classname="tests.test_iter8_contest_qa" name="test_auth_me" time="0.317" /><testcase classname="tests.test_iter8_contest_qa" name="test_impact_requires_auth" time="0.176" /><testcase classname="tests.test_iter8_contest_qa" name="test_impact_fields_and_types" time="0.973" /><testcase classname="tests.test_iter8_contest_qa" name="test_impact_math_matches_db" time="0.705" /><testcase classname="tests.test_iter8_contest_qa" name="test_impact_confirmed_rate_matches_dashboard" time="0.200" /><testcase classname="tests.test_iter8_contest_qa" name="test_resolve_lane_document_grounded[0]" time="5.095" /><testcase classname="tests.test_iter8_contest_qa" name="test_action_lane_routes_to_maintenance" time="2.879" /><testcase classname="tests.test_iter8_contest_qa" name="test_emergency_water_ceiling_is_p0_review" time="10.145" /><testcase classname="tests.test_iter8_contest_qa" name="test_repeat_noise_complaint_goes_to_review" time="7.768" /><testcase classname="tests.test_iter8_contest_qa" name="test_unit603_repeat_does_not_duplicate" time="7.215" /><testcase classname="tests.test_iter8_contest_qa" name="test_resolution_memory_reopens_resolved_confirmed_issue" time="7.566" /><testcase classname="tests.test_iter8_contest_qa" name="test_confirm_yes_marks_resolved" time="0.104" /><testcase classname="tests.test_iter8_contest_qa" name="test_confirm_no_reopens_to_review" time="6.283" /><testcase classname="tests.test_iter8_contest_qa" name="test_confirm_unknown_issue_404" time="0.098" /><testcase classname="tests.test_iter8_contest_qa" name="test_property_name_is_riverside" time="0.096" /></testsuite></testsuites>