<?xml version="1.0" encoding="utf-8"?><testsuites name="pytest tests"><testsuite name="pytest" errors="0" failures="0" skipped="0" tests="17" time="33.612" timestamp="2026-08-26T06:08:06.204326+00:00" hostname="agent-env-f7b219fe-9b51-4df3-8074-75c2e3bb7fb9"><testcase classname="tests.test_lanes.TestCheckpoint4" name="test_a_resolve" time="3.859" /><testcase classname="tests.test_lanes.TestCheckpoint4" name="test_a_resolve_answer_persisted_and_in_timeline" time="0.050" /><testcase classname="tests.test_lanes.TestCheckpoint4" name="test_b_action_maintenance" time="2.368" /><testcase classname="tests.test_lanes.TestCheckpoint4" name="test_b_action_ack_in_timeline" time="0.046" /><testcase classname="tests.test_lanes.TestCheckpoint4" name="test_c_review" time="8.288" /><testcase classname="tests.test_lanes.TestCheckpoint4" name="test_d_emergency" time="7.809" /><testcase classname="tests.test_lanes.TestCheckpoint4" name="test_lanes_are_distinct" time="0.000" /><testcase classname="tests.test_lanes.TestGrounding" name="test_unanswerable_falls_back_to_review" time="5.711" /><testcase classname="tests.test_lanes.TestRouting" name="test_leasing_route" time="2.172" /><testcase classname="tests.test_lanes.TestRouting" name="test_concierge_route" time="2.528" /><testcase classname="tests.test_lanes.TestSeeded" name="test_seeded_issues_have_valid_lane_outcomes" time="0.059" /><testcase classname="tests.test_lanes.TestRegression" name="test_issues_requires_auth" time="0.166" /><testcase classname="tests.test_lanes.TestRegression" name="test_patch_status_priority_lane_team" time="0.098" /><testcase classname="tests.test_lanes.TestRegression" name="test_patch_invalid_values" time="0.196" /><testcase classname="tests.test_lanes.TestRegression" name="test_documents_loaded" time="0.056" /><testcase classname="tests.test_lanes.TestRegression" name="test_config_teams" time="0.047" /><testcase classname="tests.test_lanes.TestRegression" name="test_missing_fields_rejected" time="0.046" /></testsuite></testsuites>