<?xml version="1.0" encoding="utf-8"?><testsuites name="pytest tests"><testsuite name="pytest" errors="0" failures="1" skipped="0" tests="24" time="2.883" timestamp="2026-08-26T05:21:30.902839+00:00" hostname="agent-env-f7b219fe-9b51-4df3-8074-75c2e3bb7fb9"><testcase classname="tests.backend_test.TestAuth" name="test_protected_requires_auth[get-/api/issues]" time="0.267" /><testcase classname="tests.backend_test.TestStaffIssues" name="test_list_issues_enriched" time="0.218" /><testcase classname="tests.backend_test.TestStaffIssues" name="test_stats" time="0.087" /><testcase classname="tests.backend_test.TestAuth" name="test_protected_requires_auth[get-/api/stats]" time="0.100" /><testcase classname="tests.backend_test.TestStaffIssues" name="test_get_issue_404" time="0.047" /><testcase classname="tests.backend_test.TestStaffIssues" name="test_timeline_sorted_asc" time="0.140" /><testcase classname="tests.backend_test.TestAuth" name="test_protected_requires_auth[get-/api/auth/me]" time="0.064" /><testcase classname="tests.backend_test.TestAuth" name="test_patch_and_message_require_auth" time="0.373" /><testcase classname="tests.backend_test.TestStaffIssues" name="test_patch_updates_and_system_log" time="0.300" /><testcase classname="tests.backend_test.TestStaffIssues" name="test_patch_invalid_enums[body0]" time="0.136" /><testcase classname="tests.backend_test.TestAuth" name="test_auth_me_with_token" time="0.047" /><testcase classname="tests.backend_test.TestAuth" name="test_invalid_token" time="0.062" /><testcase classname="tests.backend_test.TestResidentFlow" name="test_create_issue_defaults_and_interaction" time="0.115" /><testcase classname="tests.backend_test.TestStaffIssues" name="test_patch_invalid_enums[body1]" time="0.093" /><testcase classname="tests.backend_test.TestStaffIssues" name="test_patch_invalid_enums[body2]" time="0.097" /><testcase classname="tests.backend_test.TestResidentFlow" name="test_resident_requests_lookup" time="0.168" /><testcase classname="tests.backend_test.TestStaffIssues" name="test_patch_invalid_team_rejected" time="0.137"><failure message="AssertionError: accepted invalid team, got 200&#10;assert 200 == 400&#10; +  where 200 = &lt;Response [200]&gt;.status_code">tests/backend_test.py:206: in test_patch_invalid_team_rejected
    assert r.status_code == 400, f"accepted invalid team, got {r.status_code}"
E   AssertionError: accepted invalid team, got 200
E   assert 200 == 400
E    +  where 200 = &lt;Response [200]&gt;.status_code</failure></testcase><testcase classname="tests.backend_test.TestResidentFlow" name="test_resident_requests_unknown" time="0.060" /><testcase classname="tests.backend_test.TestResidentFlow" name="test_create_issue_validation" time="0.059" /><testcase classname="tests.backend_test.TestStaffIssues" name="test_patch_404" time="0.046" /><testcase classname="tests.backend_test.TestConfig" name="test_config" time="0.103" /><testcase classname="tests.backend_test.TestStaffIssues" name="test_staff_message_appends" time="0.138" /><testcase classname="tests.backend_test.TestResidentReply" name="test_reply_reopens_resolved" time="0.355" /><testcase classname="tests.backend_test.TestStaffIssues" name="test_staff_message_404" time="0.120" /></testsuite></testsuites>