<?xml version="1.0" encoding="utf-8"?><testsuites name="pytest tests"><testsuite name="pytest" errors="0" failures="0" skipped="0" tests="48" time="20.964" timestamp="2026-08-26T05:55:37.141017+00:00" hostname="agent-env-f7b219fe-9b51-4df3-8074-75c2e3bb7fb9"><testcase classname="tests.test_documents.TestUploadDocument" name="test_requires_auth" time="0.163" /><testcase classname="tests.backend_test.TestStaffIssues" name="test_list_issues_enriched" time="0.178" /><testcase classname="tests.test_documents.TestUploadDocument" name="test_upload_txt_ready_with_chunks" time="0.334" /><testcase classname="tests.backend_test.TestStaffIssues" name="test_stats" time="0.063" /><testcase classname="tests.backend_test.TestStaffIssues" name="test_get_issue_404" time="0.053" /><testcase classname="tests.backend_test.TestStaffIssues" name="test_timeline_sorted_asc" time="0.111" /><testcase classname="tests.backend_test.TestStaffIssues" name="test_patch_updates_and_system_log" time="3.033" /><testcase classname="tests.test_documents.TestUploadDocument" name="test_upload_pdf" time="0.407" /><testcase classname="tests.test_documents.TestUploadDocument" name="test_rejects_bad_extension[TEST_bad.exe-application/octet-stream]" time="0.058" /><testcase classname="tests.test_documents.TestUploadDocument" name="test_rejects_bad_extension[TEST_bad.png-image/png]" time="0.043" /><testcase classname="tests.test_documents.TestUploadDocument" name="test_rejects_bad_extension[TEST_noext-application/octet-stream]" time="0.056" /><testcase classname="tests.test_documents.TestUploadDocument" name="test_rejects_invalid_doc_type" time="0.042" /><testcase classname="tests.test_documents.TestUploadDocument" name="test_missing_fields_422" time="0.043" /><testcase classname="tests.backend_test.TestAuth" name="test_protected_requires_auth[get-/api/issues]" time="0.096" /><testcase classname="tests.backend_test.TestAuth" name="test_protected_requires_auth[get-/api/stats]" time="0.043" /><testcase classname="tests.backend_test.TestAuth" name="test_protected_requires_auth[get-/api/auth/me]" time="0.045" /><testcase classname="tests.backend_test.TestAuth" name="test_patch_and_message_require_auth" time="0.250" /><testcase classname="tests.backend_test.TestAuth" name="test_auth_me_with_token" time="0.049" /><testcase classname="tests.backend_test.TestAuth" name="test_invalid_token" time="0.046" /><testcase classname="tests.backend_test.TestResidentFlow" name="test_create_issue_defaults_and_interaction" time="2.698" /><testcase classname="tests.backend_test.TestStaffIssues" name="test_patch_invalid_enums[body0]" time="0.108" /><testcase classname="tests.backend_test.TestStaffIssues" name="test_patch_invalid_enums[body1]" time="0.110" /><testcase classname="tests.backend_test.TestStaffIssues" name="test_patch_invalid_enums[body2]" time="0.103" /><testcase classname="tests.backend_test.TestStaffIssues" name="test_patch_invalid_team_rejected" time="0.110" /><testcase classname="tests.backend_test.TestStaffIssues" name="test_patch_404" time="0.053" /><testcase classname="tests.backend_test.TestStaffIssues" name="test_staff_message_appends" time="2.229" /><testcase classname="tests.backend_test.TestResidentFlow" name="test_resident_requests_lookup" time="2.251" /><testcase classname="tests.backend_test.TestStaffIssues" name="test_staff_message_404" time="0.053" /><testcase classname="tests.test_documents.TestListDocuments" name="test_requires_auth" time="0.130" /><testcase classname="tests.test_documents.TestListDocuments" name="test_invalid_token" time="0.053" /><testcase classname="tests.test_documents.TestListDocuments" name="test_cookie_auth_works" time="0.106" /><testcase classname="tests.test_documents.TestListDocuments" name="test_seeded_demo_docs" time="0.094" /><testcase classname="tests.test_documents.TestReplaceDocument" name="test_replace_resets_and_reprocesses" time="13.005" /><testcase classname="tests.backend_test.TestResidentFlow" name="test_resident_requests_unknown" time="0.048" /><testcase classname="tests.backend_test.TestResidentFlow" name="test_create_issue_validation" time="0.043" /><testcase classname="tests.test_documents.TestDownload" name="test_download_txt" time="0.392" /><testcase classname="tests.test_documents.TestDownload" name="test_download_seeded_pdf" time="0.222" /><testcase classname="tests.test_documents.TestDownload" name="test_download_requires_auth" time="0.126" /><testcase classname="tests.test_documents.TestDownload" name="test_download_404" time="0.043" /><testcase classname="tests.test_documents.TestDeleteDocument" name="test_soft_delete_removes_chunks" time="0.499" /><testcase classname="tests.test_documents.TestDeleteDocument" name="test_delete_404" time="0.043" /><testcase classname="tests.test_documents.TestDeleteDocument" name="test_delete_requires_auth" time="0.040" /><testcase classname="tests.backend_test.TestConfig" name="test_config" time="0.044" /><testcase classname="tests.backend_test.TestResidentReply" name="test_reply_reopens_resolved" time="6.144" /><testcase classname="tests.test_documents.TestConfigDocumentTypes" name="test_config_document_types" time="0.052" /><testcase classname="tests.test_documents.TestReplaceDocument" name="test_replace_404" time="0.049" /><testcase classname="tests.test_documents.TestReplaceDocument" name="test_replace_bad_ext" time="0.088" /><testcase classname="tests.test_documents.TestReplaceDocument" name="test_replace_requires_auth" time="0.176" /></testsuite></testsuites>