<?xml version="1.0" encoding="utf-8"?><testsuites name="pytest tests"><testsuite name="pytest" errors="0" failures="0" skipped="0" tests="24" time="2.629" timestamp="2026-08-26T05:40:53.589834+00:00" hostname="agent-env-f7b219fe-9b51-4df3-8074-75c2e3bb7fb9"><testcase classname="tests.backend_test.TestAuth" name="test_protected_requires_auth[get-/api/issues]" time="0.145" /><testcase classname="tests.backend_test.TestStaffIssues" name="test_list_issues_enriched" time="0.155" /><testcase classname="tests.backend_test.TestAuth" name="test_protected_requires_auth[get-/api/stats]" time="0.042" /><testcase classname="tests.backend_test.TestStaffIssues" name="test_stats" time="0.095" /><testcase classname="tests.backend_test.TestAuth" name="test_protected_requires_auth[get-/api/auth/me]" time="0.045" /><testcase classname="tests.backend_test.TestAuth" name="test_patch_and_message_require_auth" time="0.356" /><testcase classname="tests.backend_test.TestStaffIssues" name="test_get_issue_404" time="0.050" /><testcase classname="tests.backend_test.TestStaffIssues" name="test_timeline_sorted_asc" time="0.112" /><testcase classname="tests.backend_test.TestStaffIssues" name="test_patch_updates_and_system_log" time="0.308" /><testcase classname="tests.backend_test.TestAuth" name="test_auth_me_with_token" time="0.089" /><testcase classname="tests.backend_test.TestAuth" name="test_invalid_token" time="0.043" /><testcase classname="tests.backend_test.TestResidentFlow" name="test_create_issue_defaults_and_interaction" time="0.099" /><testcase classname="tests.backend_test.TestStaffIssues" name="test_patch_invalid_enums[body0]" time="0.099" /><testcase classname="tests.backend_test.TestStaffIssues" name="test_patch_invalid_enums[body1]" time="0.104" /><testcase classname="tests.backend_test.TestResidentFlow" name="test_resident_requests_lookup" time="0.099" /><testcase classname="tests.backend_test.TestResidentFlow" name="test_resident_requests_unknown" time="0.057" /><testcase classname="tests.backend_test.TestStaffIssues" name="test_patch_invalid_enums[body2]" time="0.098" /><testcase classname="tests.backend_test.TestResidentFlow" name="test_create_issue_validation" time="0.044" /><testcase classname="tests.backend_test.TestConfig" name="test_config" time="0.046" /><testcase classname="tests.backend_test.TestStaffIssues" name="test_patch_invalid_team_rejected" time="0.098" /><testcase classname="tests.backend_test.TestResidentReply" name="test_reply_reopens_resolved" time="0.267" /><testcase classname="tests.backend_test.TestStaffIssues" name="test_patch_404" time="0.089" /><testcase classname="tests.backend_test.TestStaffIssues" name="test_staff_message_appends" time="0.156" /><testcase classname="tests.backend_test.TestStaffIssues" name="test_staff_message_404" time="0.121" /></testsuite></testsuites>