<?xml version="1.0" encoding="utf-8"?><testsuites name="pytest tests"><testsuite name="pytest" errors="0" failures="3" skipped="0" tests="20" time="8.468" timestamp="2026-08-26T13:45:18.859970+00:00" hostname="agent-env-f7b219fe-9b51-4df3-8074-75c2e3bb7fb9"><testcase classname="tests.test_step13" name="test_auth_me" time="4.617" /><testcase classname="tests.test_step13" name="test_dashboard_numbers" time="0.251" /><testcase classname="tests.test_step13" name="test_issues_all_lanes" time="0.188" /><testcase classname="tests.test_step13" name="test_unit603_issue_state" time="0.178" /><testcase classname="tests.test_step13" name="test_unit603_thread" time="0.199" /><testcase classname="tests.test_step13" name="test_thread_wrong_resident" time="0.221" /><testcase classname="tests.test_step13" name="test_thread_wrong_issue" time="0.261" /><testcase classname="tests.test_step13" name="test_insights" time="0.158" /><testcase classname="tests.test_step13" name="test_insights_requires_auth" time="0.190" /><testcase classname="tests.test_step13" name="test_unit412_repeat" time="0.000" /><testcase classname="tests.test_step13" name="test_incident_detect_water_outage" time="0.142" /><testcase classname="tests.test_step13" name="test_seed_has_review_issue_with_suggested_response" time="0.000"><failure message="AssertionError: DEMO GAP: no seeded REVIEW issue has suggested_response -&gt; approve-answer card never renders&#10;assert []">E   AssertionError: DEMO GAP: no seeded REVIEW issue has suggested_response -&gt; approve-answer card never renders
    assert []</failure></testcase><testcase classname="tests.test_step13" name="test_approve_answer_empty_400" time="0.225" /><testcase classname="tests.test_step13" name="test_approve_answer_404" time="0.188" /><testcase classname="tests.test_step13" name="test_approve_answer_requires_auth" time="0.197" /><testcase classname="tests.test_step13" name="test_approve_answer_flow" time="0.370" /><testcase classname="tests.test_step13" name="test_documents_still_load" time="0.166" /><testcase classname="tests.test_step13" name="test_resident_requests_lookup_unknown" time="0.195" /><testcase classname="tests.test_step13" name="test_approve_answer_rejects_non_review_issue" time="0.255"><failure message="AssertionError: DEFECT: approve-answer accepted an ACTION issue with no suggested_response -&gt; 200 lane=RESOLVE status=resolved&#10;assert 200 == 400&#10; +  where 200 = &lt;Response [200]&gt;.status_code">E   AssertionError: DEFECT: approve-answer accepted an ACTION issue with no suggested_response -&gt; 200 lane=RESOLVE status=resolved
    assert 200 == 400
     +  where 200 = &lt;Response [200]&gt;.status_code</failure></testcase><testcase classname="tests.test_step13" name="test_unit603_thread_chronology_is_logical" time="0.156"><failure message="AssertionError: DEFECT: resident confirmation (idx 3) rendered before the confirmation prompt (idx 4)&#10;assert 4 &lt; 3">E   AssertionError: DEFECT: resident confirmation (idx 3) rendered before the confirmation prompt (idx 4)
    assert 4 &lt; 3</failure></testcase></testsuite></testsuites>