<?xml version="1.0" encoding="utf-8"?><testsuites name="pytest tests"><testsuite name="pytest" errors="0" failures="0" skipped="0" tests="34" time="102.119" timestamp="2026-08-26T06:27:43.365839+00:00" hostname="agent-env-f7b219fe-9b51-4df3-8074-75c2e3bb7fb9"><testcase classname="tests.test_steps5_12.TestHealth" name="test_root" time="0.243" /><testcase classname="tests.test_steps5_12.TestHealth" name="test_issues_requires_auth" time="0.108" /><testcase classname="tests.test_steps5_12.TestHealth" name="test_auth_me" time="0.104" /><testcase classname="tests.test_steps5_12.TestCheckpoint6" name="test_01_create_action_issue" time="3.316" /><testcase classname="tests.test_steps5_12.TestCheckpoint6" name="test_02_staff_resolve_becomes_confirmation_pending" time="0.102" /><testcase classname="tests.test_steps5_12.TestCheckpoint6" name="test_03_resident_confirms_yes" time="0.046" /><testcase classname="tests.test_steps5_12.TestCheckpoint6" name="test_04_repeat_message_reopens_same_issue_no_duplicate" time="2.040" /><testcase classname="tests.test_steps5_12.TestCheckpoint6" name="test_05_reopened_shows_previous_resolution_failed" time="0.049" /><testcase classname="tests.test_steps5_12.TestCheckpoint7No" name="test_01_create_action" time="3.749" /><testcase classname="tests.test_steps5_12.TestCheckpoint7No" name="test_02_resolve_to_confirmation_pending" time="0.052" /><testcase classname="tests.test_steps5_12.TestCheckpoint7No" name="test_03_confirm_no_reopens" time="0.061" /><testcase classname="tests.test_steps5_12.TestStep5Answers" name="test_pool_hours_resolves_with_citation" time="4.572" /><testcase classname="tests.test_steps5_12.TestStep5Answers" name="test_unsupported_question_does_not_auto_send" time="6.715" /><testcase classname="tests.test_steps5_12.TestCheckpoint5Conflict" name="test_conflict_routes_to_review" time="12.870" /><testcase classname="tests.test_steps5_12.TestStep10Attention" name="test_emergency_scores_high" time="10.537" /><testcase classname="tests.test_steps5_12.TestStep10Attention" name="test_all_issues_have_scores" time="0.054" /><testcase classname="tests.test_steps5_12.TestStep10Attention" name="test_resolve_scores_low" time="0.053" /><testcase classname="tests.test_steps5_12.TestStep9Dashboard" name="test_dashboard_fields" time="0.053" /><testcase classname="tests.test_steps5_12.TestStep9Dashboard" name="test_dashboard_requires_auth" time="0.159" /><testcase classname="tests.test_steps5_12.TestStep8Precedent" name="test_similar_or_suggested_for_unanswerable" time="10.672" /><testcase classname="tests.test_steps5_12.TestStep12Incidents" name="test_01_detect_creates_shared_incident" time="24.822" /><testcase classname="tests.test_steps5_12.TestStep12Incidents" name="test_02_merge" time="0.223" /><testcase classname="tests.test_steps5_12.TestStep12Incidents" name="test_03_merge_validation" time="0.046" /><testcase classname="tests.test_steps5_12.TestStep12Incidents" name="test_04_merged_issues_excluded_from_detect" time="0.046" /><testcase classname="tests.test_steps5_12.TestReplyPath" name="test_01_create_action" time="2.608" /><testcase classname="tests.test_steps5_12.TestReplyPath" name="test_02_reply_escalation_runs_full_triage" time="9.444" /><testcase classname="tests.test_steps5_12.TestReplyPath" name="test_03_followup_does_not_downgrade" time="8.662" /><testcase classname="tests.test_steps5_12.TestReplyPath" name="test_04_reply_404" time="0.045" /><testcase classname="tests.test_steps5_12.TestRegression" name="test_documents_ready" time="0.047" /><testcase classname="tests.test_steps5_12.TestRegression" name="test_patch_lane_priority_team" time="0.110" /><testcase classname="tests.test_steps5_12.TestRegression" name="test_patch_invalid" time="0.196" /><testcase classname="tests.test_steps5_12.TestRegression" name="test_create_validation" time="0.123" /><testcase classname="tests.test_steps5_12.TestRegression" name="test_confirm_404" time="0.077" /><testcase classname="tests.test_steps5_12" name="test_zz_report_created" time="0.002" /></testsuite></testsuites>